<?xml version="1.0" encoding="UTF-8"?>
<!-- Generated by org.testng.reporters.JUnitXMLReporter -->
<testsuite ignored="3" hostname="DESKTOP-7S7LCUO" failures="0" tests="1" name="Default test" time="4.932" errors="0" timestamp="2025-05-16T20:48:28 IST">
  <testcase classname="authentication.Authentication" name="bearerToken" time="4.823"/>
  <testcase classname="authentication.Authentication" name="basicAuth" time="0.0">
    <ignored/>
  </testcase> <!-- basicAuth -->
  <testcase classname="authentication.Authentication" name="preemptiveAuth" time="0.0">
    <ignored/>
  </testcase> <!-- preemptiveAuth -->
  <testcase classname="authentication.Authentication" name="digestAuth" time="0.0">
    <ignored/>
  </testcase> <!-- digestAuth -->
</testsuite> <!-- Default test -->
