<?xml version="1.0" encoding="UTF-8"?>
<!-- Generated by org.testng.reporters.JUnitXMLReporter -->
<testsuite ignored="4" hostname="DESKTOP-7S7LCUO" failures="0" tests="1" name="Default test" time="6.102" errors="0" timestamp="2025-05-13T20:48:16 IST">
  <testcase classname="basicRequests.HttMethods" name="updateNameOnly" time="6.005"/>
  <testcase classname="basicRequests.HttMethods" name="createUser" time="0.0">
    <ignored/>
  </testcase> <!-- createUser -->
  <testcase classname="basicRequests.HttMethods" name="updateStudent" time="0.0">
    <ignored/>
  </testcase> <!-- updateStudent -->
  <testcase classname="basicRequests.HttMethods" name="deleteSudent" time="0.0">
    <ignored/>
  </testcase> <!-- deleteSudent -->
  <testcase classname="basicRequests.HttMethods" name="getStudents" time="0.0">
    <ignored/>
  </testcase> <!-- getStudents -->
</testsuite> <!-- Default test -->
