<?xml version="1.0" encoding="UTF-8"?>
<!-- Generated by org.testng.reporters.JUnitXMLReporter -->
<testsuite ignored="0" hostname="DESKTOP-7S7LCUO" failures="0" tests="3" name="Test" time="7.483" errors="0" timestamp="2025-05-19T20:25:11 IST">
  <testcase classname="apiChaining.ReadUser" name="readUser" time="5.217"/>
  <testcase classname="apiChaining.UpdateAuser" name="updateStudent" time="1.609"/>
  <testcase classname="apiChaining.DeleteAUser" name="deleteUser" time="0.488"/>
</testsuite> <!-- Test -->
