<?xml version="1.0" encoding="UTF-8"?>
<!-- Generated by org.testng.reporters.JUnitXMLReporter -->
<testsuite ignored="0" hostname="DESKTOP-7S7LCUO" failures="0" tests="7" name="Test" time="0.288" errors="0" timestamp="2025-05-12T20:46:00 IST">
  <testcase classname="underStandingTestNG.BasicAnon" name="myTest1" time="0.025"/>
  <testcase classname="underStandingTestNG.BasicAnon" name="myTest2" time="0.005"/>
  <testcase classname="underStandingTestNG.Otherannonations" name="test1" time="0.003"/>
  <testcase classname="underStandingTestNG.Otherannonations" name="test2" time="0.007"/>
  <testcase classname="underStandingTestNG.Otherannonations" name="test3" time="0.005"/>
  <testcase classname="underStandingTestNG.Tests1" name="testxyz" time="0.005"/>
  <testcase classname="underStandingTestNG.Tests1" name="testabc" time="0.005"/>
</testsuite> <!-- Test -->
