<?xml version="1.0" encoding="UTF-8"?>
<testng-results ignored="0" total="1" passed="1" failed="0" skipped="0">
  <reporter-output>
  </reporter-output>
  <suite started-at="2025-05-20T20:14:03 IST" name="Default suite" finished-at="2025-05-20T20:14:09 IST" duration-ms="6256">
    <groups>
    </groups>
    <test started-at="2025-05-20T20:14:03 IST" name="Default test" finished-at="2025-05-20T20:14:09 IST" duration-ms="6256">
      <class name="test.UserTest">
        <test-method signature="userTest()[pri:0, instance:test.UserTest@c8c12ac]" started-at="2025-05-20T20:14:03 IST" name="userTest" finished-at="2025-05-20T20:14:09 IST" duration-ms="6073" status="PASS">
          <reporter-output>
          </reporter-output>
        </test-method> <!-- userTest -->
      </class> <!-- test.UserTest -->
    </test> <!-- Default test -->
  </suite> <!-- Default suite -->
</testng-results>
